[2020Oct01 11:29:23,767][INFO ][1601566163767][onMessage Corte123MDBean.java:124][Mensaje recibido con exito en la cola de SOLICITUD <?xml version="1.0" encoding="UTF-8"?>
<RTBS_PLBLS_IN>
	<Login>String</Login>
	<Channel></Channel>
	<System></System>
	<MSISDN>
		<Number>584128013624</Number>
	</MSISDN>
</RTBS_PLBLS_IN>
]
[2020Oct01 11:29:23,807][INFO ][1601566163767][processRequest RCController.java:66][Recibido un nuevo request de la cola]
[2020Oct01 11:29:23,816][DEBUG][1601566163767][buildRequest RCHelper.java:78][INICIO de parser XML de entrada]
[2020Oct01 11:29:23,898][INFO ][1601566163767][processRequest RCController.java:82][GSM a consultar: 584128013624]
[2020Oct01 11:29:23,903][DEBUG][1601566163767][execute IVRPostDelegator.java:106][Se obtuvo la conexion al DataSource. Accesando a la Base de Datos]
[2020Oct01 11:29:23,907][DEBUG][1601566163767][execute IVRPostDelegator.java:114][Query = SELECT ( CASE KENAN3.VIP WHEN 6 THEN 'Podra conocer el saldo actual de su linea a traves del administrador de su cuenta' WHEN 51 THEN 'Podra conocer el saldo actual de su linea a traves del administrador de su cuenta' WHEN 52 THEN 'Podra conocer el saldo actual de su linea a traves del administrador de su cuenta' WHEN 53 THEN 'Podra conocer el saldo actual de su linea a traves del administrador de su cuenta' WHEN 54 THEN 'Podra conocer el saldo actual de su linea a traves del administrador de su cuenta' WHEN 55 THEN 'Podra conocer el saldo actual de su linea a traves del administrador de su cuenta' WHEN 56 THEN 'Podra conocer el saldo actual de su linea a traves del administrador de su cuenta' WHEN 151 THEN 'Podra conocer el saldo actual de su linea a traves del administrador de su cuenta' WHEN 152 THEN 'Podra conocer el saldo actual de su linea a traves del administrador de su cuenta' WHEN 153 THEN 'Podra conocer el saldo actual de su linea a traves del administrador de su cuenta' WHEN 154 THEN 'Podra conocer el saldo actual de su linea a traves del administrador de su cuenta' WHEN 155 THEN 'Podra conocer el saldo actual de su linea a traves del administrador de su cuenta' WHEN 156 THEN 'Podra conocer el saldo actual de su linea a traves del administrador de su cuenta' ELSE 'Al ' || TO_CHAR(FECHA_CORTE,'dd/mm/yy') || ' de Bs.S ' || TRIM(TO_CHAR(ACTUAL,'99G999G999D99')) || ' para cancelar antes del ' || TO_CHAR(VENCIMIENTO,'dd/mm/yy') || '. Su ultimo pago fue de Bs.S ' || TRIM(TO_CHAR(SALDO_ANTERIOR,'99G999G999D99')) || ' el dia ' || TO_CHAR(FECHA_ANTERIOR,'dd/mm/yy') END ) FROM IVR.KENAN1, IVR.KENAN2, IVR.KENAN3 WHERE KENAN1.TELEFONO = KENAN2.TELEFONO AND KENAN3.TELEFONO = KENAN1.TELEFONO AND KENAN1.TELEFONO = ?]
[2020Oct01 11:29:23,985][DEBUG][1601566163767][execute IVRPostDelegator.java:122][contents = Al 01/09/13 de Bs.S .00 para cancelar antes del 16/09/13. Su ultimo pago fue de Bs.S 428.96 el dia 05/09/13]
[2020Oct01 11:29:23,988][DEBUG][1601566163767][processRequest RCController.java:98][Message1 (Consumido): Al 01/09/13 de Bs.S .00 para cancelar antes del 16/09/13. Su ultimo pago fue de Bs.S 428.96 el dia 05/09/13]
[2020Oct01 11:29:23,994][DEBUG][1601566163767][processRequest RCController.java:99][sms1: true]
[2020Oct01 11:29:24,001][INFO ][1601566163767][processRequest RCController.java:102][Enviando SMS2]
[2020Oct01 11:29:24,004][DEBUG][1601566163767][execute SMSSenderMsj1Delegator.java:125][http://CFGLOBD09:8801/SMS/SMSSenderServlet]
[2020Oct01 11:29:24,007][DEBUG][1601566163767][execute SMSSenderMsj1Delegator.java:138][payloadAl 01/09/13 de Bs.S .00 para cancelar antes del 16/09/13. Su ultimo pago fue de Bs.S 428.96 el dia 05/09/13]
[2020Oct01 11:29:24,199][INFO ][1601566163767][execute SMSSenderMsj1Delegator.java:145][Envio de mensaje realizado]
[2020Oct01 11:29:24,209][INFO ][1601566163767][processRequest RCController.java:104][SMS 1 enviado]
[2020Oct01 11:29:24,227][DEBUG][1601566163767][execute SolicitudQueueSubmiterSMS2.java:117][Nuevo request: 584128013624]
[2020Oct01 11:29:24,242][INFO ][1601566163767][execute SolicitudQueueSubmiterSMS2.java:122][Nuevo request enviado a la cola de solicitudes del segundo mensaje (SU_CORTE_AL]
[2020Oct01 11:29:24,252][DEBUG][1601566163767][assembly NameSustitutionCmdAdapter.java:201][Ensamblando lista de COMPONENTES para la construccion del COMANDO]
[2020Oct01 11:29:24,261][DEBUG][1601566163767][processRequest RCController.java:148][Response: <?xml version="1.0" encoding="UTF-8" ?> 
 <EAIMessage>
	<IBX_ADP_OUT_PARAMETERS>
		<PARAM name="ERROR_CODE" value="0"/> 
		<PARAM name="ERROR_DESCRIPTION" value="Proceso completado con exito"/>
	</IBX_ADP_OUT_PARAMETERS>
 </EAIMessage>]
[2020Oct01 11:29:24,266][INFO ][1601566163767][onMessage Corte123MDBean.java:129][Solicitud procesada <?xml version="1.0" encoding="UTF-8" ?> 
 <EAIMessage>
	<IBX_ADP_OUT_PARAMETERS>
		<PARAM name="ERROR_CODE" value="0"/> 
		<PARAM name="ERROR_DESCRIPTION" value="Proceso completado con exito"/>
	</IBX_ADP_OUT_PARAMETERS>
 </EAIMessage>]
[2020Oct01 11:48:59,442][INFO ][1601567339442][onMessage Corte123MDBean.java:124][Mensaje recibido con exito en la cola de SOLICITUD <?xml version="1.0" encoding="UTF-8"?>
<RTBS_PLBLS_IN>
	<Login>String</Login>
	<Channel></Channel>
	<System></System>
	<MSISDN>
		<Number>584128013624</Number>
	</MSISDN>
</RTBS_PLBLS_IN>
]
[2020Oct01 11:48:59,443][INFO ][1601567339442][processRequest RCController.java:66][Recibido un nuevo request de la cola]
[2020Oct01 11:48:59,444][DEBUG][1601567339442][buildRequest RCHelper.java:78][INICIO de parser XML de entrada]
[2020Oct01 11:48:59,454][INFO ][1601567339442][processRequest RCController.java:82][GSM a consultar: 584128013624]
[2020Oct01 11:48:59,457][DEBUG][1601567339442][execute IVRPostDelegator.java:106][Se obtuvo la conexion al DataSource. Accesando a la Base de Datos]
[2020Oct01 11:48:59,458][DEBUG][1601567339442][execute IVRPostDelegator.java:114][Query = SELECT ( CASE KENAN3.VIP WHEN 6 THEN 'Podra conocer el saldo actual de su linea a traves del administrador de su cuenta' WHEN 51 THEN 'Podra conocer el saldo actual de su linea a traves del administrador de su cuenta' WHEN 52 THEN 'Podra conocer el saldo actual de su linea a traves del administrador de su cuenta' WHEN 53 THEN 'Podra conocer el saldo actual de su linea a traves del administrador de su cuenta' WHEN 54 THEN 'Podra conocer el saldo actual de su linea a traves del administrador de su cuenta' WHEN 55 THEN 'Podra conocer el saldo actual de su linea a traves del administrador de su cuenta' WHEN 56 THEN 'Podra conocer el saldo actual de su linea a traves del administrador de su cuenta' WHEN 151 THEN 'Podra conocer el saldo actual de su linea a traves del administrador de su cuenta' WHEN 152 THEN 'Podra conocer el saldo actual de su linea a traves del administrador de su cuenta' WHEN 153 THEN 'Podra conocer el saldo actual de su linea a traves del administrador de su cuenta' WHEN 154 THEN 'Podra conocer el saldo actual de su linea a traves del administrador de su cuenta' WHEN 155 THEN 'Podra conocer el saldo actual de su linea a traves del administrador de su cuenta' WHEN 156 THEN 'Podra conocer el saldo actual de su linea a traves del administrador de su cuenta' ELSE 'Al ' || TO_CHAR(FECHA_CORTE,'dd/mm/yy') || ' de Bs.S ' || TRIM(TO_CHAR(ACTUAL,'99G999G999D99')) || ' para cancelar antes del ' || TO_CHAR(VENCIMIENTO,'dd/mm/yy') || '. Su ultimo pago fue de Bs.S ' || TRIM(TO_CHAR(SALDO_ANTERIOR,'99G999G999D99')) || ' el dia ' || TO_CHAR(FECHA_ANTERIOR,'dd/mm/yy') END ) FROM IVR.KENAN1, IVR.KENAN2, IVR.KENAN3 WHERE KENAN1.TELEFONO = KENAN2.TELEFONO AND KENAN3.TELEFONO = KENAN1.TELEFONO AND KENAN1.TELEFONO = ?]
[2020Oct01 11:48:59,461][DEBUG][1601567339442][execute IVRPostDelegator.java:122][contents = Al 01/09/13 de Bs.S .00 para cancelar antes del 16/09/13. Su ultimo pago fue de Bs.S 428.96 el dia 05/09/13]
[2020Oct01 11:48:59,462][DEBUG][1601567339442][processRequest RCController.java:98][Message1 (Consumido): Al 01/09/13 de Bs.S .00 para cancelar antes del 16/09/13. Su ultimo pago fue de Bs.S 428.96 el dia 05/09/13]
[2020Oct01 11:48:59,463][DEBUG][1601567339442][processRequest RCController.java:99][sms1: true]
[2020Oct01 11:48:59,464][INFO ][1601567339442][processRequest RCController.java:102][Enviando SMS2]
[2020Oct01 11:48:59,465][DEBUG][1601567339442][execute SMSSenderMsj1Delegator.java:125][http://CFGLOBD09:8801/SMS/SMSSenderServlet]
[2020Oct01 11:48:59,466][DEBUG][1601567339442][execute SMSSenderMsj1Delegator.java:138][payloadAl 01/09/13 de Bs.S .00 para cancelar antes del 16/09/13. Su ultimo pago fue de Bs.S 428.96 el dia 05/09/13]
[2020Oct01 11:48:59,627][INFO ][1601567339442][execute SMSSenderMsj1Delegator.java:145][Envio de mensaje realizado]
[2020Oct01 11:48:59,629][INFO ][1601567339442][processRequest RCController.java:104][SMS 1 enviado]
[2020Oct01 11:48:59,632][DEBUG][1601567339442][execute SolicitudQueueSubmiterSMS2.java:117][Nuevo request: 584128013624]
[2020Oct01 11:48:59,641][INFO ][1601567339442][execute SolicitudQueueSubmiterSMS2.java:122][Nuevo request enviado a la cola de solicitudes del segundo mensaje (SU_CORTE_AL]
[2020Oct01 11:48:59,644][DEBUG][1601567339442][assembly NameSustitutionCmdAdapter.java:201][Ensamblando lista de COMPONENTES para la construccion del COMANDO]
[2020Oct01 11:48:59,645][DEBUG][1601567339442][processRequest RCController.java:148][Response: <?xml version="1.0" encoding="UTF-8" ?> 
 <EAIMessage>
	<IBX_ADP_OUT_PARAMETERS>
		<PARAM name="ERROR_CODE" value="0"/> 
		<PARAM name="ERROR_DESCRIPTION" value="Proceso completado con exito"/>
	</IBX_ADP_OUT_PARAMETERS>
 </EAIMessage>]
[2020Oct01 11:48:59,646][INFO ][1601567339442][onMessage Corte123MDBean.java:129][Solicitud procesada <?xml version="1.0" encoding="UTF-8" ?> 
 <EAIMessage>
	<IBX_ADP_OUT_PARAMETERS>
		<PARAM name="ERROR_CODE" value="0"/> 
		<PARAM name="ERROR_DESCRIPTION" value="Proceso completado con exito"/>
	</IBX_ADP_OUT_PARAMETERS>
 </EAIMessage>]
[2020Oct01 11:51:41,677][INFO ][1601567501677][onMessage Corte123MDBean.java:124][Mensaje recibido con exito en la cola de SOLICITUD <?xml version="1.0" encoding="UTF-8"?>
<RTBS_PLBLS_IN>
	<Login>String</Login>
	<Channel></Channel>
	<System></System>
	<MSISDN>
		<Number>584128013624</Number>
	</MSISDN>
</RTBS_PLBLS_IN>
]
[2020Oct01 11:51:41,680][INFO ][1601567501677][processRequest RCController.java:66][Recibido un nuevo request de la cola]
[2020Oct01 11:51:41,681][DEBUG][1601567501677][buildRequest RCHelper.java:78][INICIO de parser XML de entrada]
[2020Oct01 11:51:41,690][INFO ][1601567501677][processRequest RCController.java:82][GSM a consultar: 584128013624]
[2020Oct01 11:51:41,693][DEBUG][1601567501677][execute IVRPostDelegator.java:106][Se obtuvo la conexion al DataSource. Accesando a la Base de Datos]
[2020Oct01 11:51:41,694][DEBUG][1601567501677][execute IVRPostDelegator.java:114][Query = SELECT ( CASE KENAN3.VIP WHEN 6 THEN 'Podra conocer el saldo actual de su linea a traves del administrador de su cuenta' WHEN 51 THEN 'Podra conocer el saldo actual de su linea a traves del administrador de su cuenta' WHEN 52 THEN 'Podra conocer el saldo actual de su linea a traves del administrador de su cuenta' WHEN 53 THEN 'Podra conocer el saldo actual de su linea a traves del administrador de su cuenta' WHEN 54 THEN 'Podra conocer el saldo actual de su linea a traves del administrador de su cuenta' WHEN 55 THEN 'Podra conocer el saldo actual de su linea a traves del administrador de su cuenta' WHEN 56 THEN 'Podra conocer el saldo actual de su linea a traves del administrador de su cuenta' WHEN 151 THEN 'Podra conocer el saldo actual de su linea a traves del administrador de su cuenta' WHEN 152 THEN 'Podra conocer el saldo actual de su linea a traves del administrador de su cuenta' WHEN 153 THEN 'Podra conocer el saldo actual de su linea a traves del administrador de su cuenta' WHEN 154 THEN 'Podra conocer el saldo actual de su linea a traves del administrador de su cuenta' WHEN 155 THEN 'Podra conocer el saldo actual de su linea a traves del administrador de su cuenta' WHEN 156 THEN 'Podra conocer el saldo actual de su linea a traves del administrador de su cuenta' ELSE 'Al ' || TO_CHAR(FECHA_CORTE,'dd/mm/yy') || ' de Bs.S ' || TRIM(TO_CHAR(ACTUAL,'99G999G999D99')) || ' para cancelar antes del ' || TO_CHAR(VENCIMIENTO,'dd/mm/yy') || '. Su ultimo pago fue de Bs.S ' || TRIM(TO_CHAR(SALDO_ANTERIOR,'99G999G999D99')) || ' el dia ' || TO_CHAR(FECHA_ANTERIOR,'dd/mm/yy') END ) FROM IVR.KENAN1, IVR.KENAN2, IVR.KENAN3 WHERE KENAN1.TELEFONO = KENAN2.TELEFONO AND KENAN3.TELEFONO = KENAN1.TELEFONO AND KENAN1.TELEFONO = ?]
[2020Oct01 11:51:41,697][DEBUG][1601567501677][execute IVRPostDelegator.java:122][contents = Al 01/09/13 de Bs.S .00 para cancelar antes del 16/09/13. Su ultimo pago fue de Bs.S 428.96 el dia 05/09/13]
[2020Oct01 11:51:41,698][DEBUG][1601567501677][processRequest RCController.java:98][Message1 (Consumido): Al 01/09/13 de Bs.S .00 para cancelar antes del 16/09/13. Su ultimo pago fue de Bs.S 428.96 el dia 05/09/13]
[2020Oct01 11:51:41,699][DEBUG][1601567501677][processRequest RCController.java:99][sms1: true]
[2020Oct01 11:51:41,700][INFO ][1601567501677][processRequest RCController.java:102][Enviando SMS2]
[2020Oct01 11:51:41,701][DEBUG][1601567501677][execute SMSSenderMsj1Delegator.java:125][http://CFGLOBD09:8801/SMS/SMSSenderServlet]
[2020Oct01 11:51:41,702][DEBUG][1601567501677][execute SMSSenderMsj1Delegator.java:138][payloadAl 01/09/13 de Bs.S .00 para cancelar antes del 16/09/13. Su ultimo pago fue de Bs.S 428.96 el dia 05/09/13]
[2020Oct01 11:51:41,859][INFO ][1601567501677][execute SMSSenderMsj1Delegator.java:145][Envio de mensaje realizado]
[2020Oct01 11:51:41,860][INFO ][1601567501677][processRequest RCController.java:104][SMS 1 enviado]
[2020Oct01 11:51:41,863][DEBUG][1601567501677][execute SolicitudQueueSubmiterSMS2.java:117][Nuevo request: 584128013624]
[2020Oct01 11:51:41,874][INFO ][1601567501677][execute SolicitudQueueSubmiterSMS2.java:122][Nuevo request enviado a la cola de solicitudes del segundo mensaje (SU_CORTE_AL]
[2020Oct01 11:51:41,876][DEBUG][1601567501677][assembly NameSustitutionCmdAdapter.java:201][Ensamblando lista de COMPONENTES para la construccion del COMANDO]
[2020Oct01 11:51:41,877][DEBUG][1601567501677][processRequest RCController.java:148][Response: <?xml version="1.0" encoding="UTF-8" ?> 
 <EAIMessage>
	<IBX_ADP_OUT_PARAMETERS>
		<PARAM name="ERROR_CODE" value="0"/> 
		<PARAM name="ERROR_DESCRIPTION" value="Proceso completado con exito"/>
	</IBX_ADP_OUT_PARAMETERS>
 </EAIMessage>]
[2020Oct01 11:51:41,878][INFO ][1601567501677][onMessage Corte123MDBean.java:129][Solicitud procesada <?xml version="1.0" encoding="UTF-8" ?> 
 <EAIMessage>
	<IBX_ADP_OUT_PARAMETERS>
		<PARAM name="ERROR_CODE" value="0"/> 
		<PARAM name="ERROR_DESCRIPTION" value="Proceso completado con exito"/>
	</IBX_ADP_OUT_PARAMETERS>
 </EAIMessage>]
